app/build/intermediates/manifest_merge_blame_file/debug/manifest-merger-blame-debug-report.txt
1<?xml version="1.0" encoding="utf-8"?>
2<manifest xmlns:android="http://schemas.android.com/apk/res/android"
3    package="com.example.trabalhopdm"
4    android:versionCode="1"
5    android:versionName="1.0" >
6
7    <uses-sdk
8        android:minSdkVersion="15"
8-->src\main\AndroidManifest.xml
9        android:targetSdkVersion="29" />
9-->src\main\AndroidManifest.xml
10
11    <uses-permission android:name="android.permission.INTERNET" />
11-->src\main\AndroidManifest.xml:8:5-67
11-->src\main\AndroidManifest.xml:8:22-64
12    <uses-permission android:name="android.permission.READ_EXTERNAL_STORAGE" />
12-->src\main\AndroidManifest.xml:9:5-80
12-->src\main\AndroidManifest.xml:9:22-77
13    <uses-permission android:name="android.permission.READ_INTERNAL_STORAGE" />
13-->src\main\AndroidManifest.xml:10:5-80
13-->src\main\AndroidManifest.xml:10:22-77
14    <uses-permission android:name="android.permission.ACCESS_NETWORK_STATE" />
14-->src\main\AndroidManifest.xml:11:5-79
14-->src\main\AndroidManifest.xml:11:22-76
15
16    <application
16-->src\main\AndroidManifest.xml:13:5-41:19
17        android:allowBackup="true"
17-->src\main\AndroidManifest.xml:15:9-35
18        android:appComponentFactory="androidx.core.app.CoreComponentFactory"
18-->[androidx.core:core:1.1.0] AndroidManifest.xml:24:18-86
19        android:debuggable="true"
20        android:icon="@mipmap/ic_launcher_new"
20-->src\main\AndroidManifest.xml:16:9-47
21        android:label="@string/app_name"
21-->src\main\AndroidManifest.xml:17:9-41
22        android:roundIcon="@mipmap/ic_launcher_new_round"
22-->src\main\AndroidManifest.xml:18:9-58
23        android:supportsRtl="true"
23-->src\main\AndroidManifest.xml:19:9-35
24        android:testOnly="true"
25        android:theme="@style/AppTheme" >
25-->src\main\AndroidManifest.xml:20:9-40
26        <activity
26-->src\main\AndroidManifest.xml:22:9-112
27            android:name="com.example.trabalhopdm.activity.Tela4GastoPrestacaoInput"
27-->src\main\AndroidManifest.xml:22:19-68
28            android:windowSoftInputMode="stateHidden" />
28-->src\main\AndroidManifest.xml:22:69-110
29        <activity
29-->src\main\AndroidManifest.xml:23:9-112
30            android:name="com.example.trabalhopdm.activity.Tela3GastoPadraoInput"
30-->src\main\AndroidManifest.xml:23:19-65
31            android:windowSoftInputMode="stateHidden" />
31-->src\main\AndroidManifest.xml:23:69-110
32        <activity android:name="com.example.trabalhopdm.activity.Tela4GastoPrestacaoDetails" />
32-->src\main\AndroidManifest.xml:24:9-73
32-->src\main\AndroidManifest.xml:24:19-70
33        <activity android:name="com.example.trabalhopdm.activity.Tela3GastoPadraoDetails" />
33-->src\main\AndroidManifest.xml:25:9-70
33-->src\main\AndroidManifest.xml:25:19-67
34        <activity android:name="com.example.trabalhopdm.activity.Tela6SobreProjeto" />
34-->src\main\AndroidManifest.xml:26:9-64
34-->src\main\AndroidManifest.xml:26:19-61
35        <activity android:name="com.example.trabalhopdm.activity.Tela5Requisitos" />
35-->src\main\AndroidManifest.xml:27:9-62
35-->src\main\AndroidManifest.xml:27:19-59
36        <activity android:name="com.example.trabalhopdm.activity.Tela4GastoPrestacao" />
36-->src\main\AndroidManifest.xml:28:9-66
36-->src\main\AndroidManifest.xml:28:19-63
37        <activity android:name="com.example.trabalhopdm.activity.Tela3GastoPadrao" />
37-->src\main\AndroidManifest.xml:29:9-63
37-->src\main\AndroidManifest.xml:29:19-60
38        <activity android:name="com.example.trabalhopdm.activity.Tela2Colaboradores" />
38-->src\main\AndroidManifest.xml:30:9-65
38-->src\main\AndroidManifest.xml:30:19-62
39        <activity android:name="com.example.trabalhopdm.activity.Tela1Analise" />
39-->src\main\AndroidManifest.xml:31:9-59
39-->src\main\AndroidManifest.xml:31:19-56
40        <activity android:name="com.example.trabalhopdm.activity.MainActivity" >
40-->src\main\AndroidManifest.xml:33:9-39:20
40-->src\main\AndroidManifest.xml:33:19-56
41            <intent-filter>
41-->src\main\AndroidManifest.xml:34:13-38:29
42                <action android:name="android.intent.action.MAIN" />
42-->src\main\AndroidManifest.xml:35:17-68
42-->src\main\AndroidManifest.xml:35:25-66
43
44                <category android:name="android.intent.category.LAUNCHER" />
44-->src\main\AndroidManifest.xml:37:17-76
44-->src\main\AndroidManifest.xml:37:27-74
45            </intent-filter>
46        </activity>
47    </application>
48
49</manifest>